Pig Stack Trace
---------------
ERROR 1200: <file schemascript, line 7, column 0>  mismatched input 'dump' expecting SEMI_COLON

org.apache.pig.impl.logicalLayer.FrontendException: ERROR 1000: Error during parsing. <file schemascript, line 7, column 0>  mismatched input 'dump' expecting SEMI_COLON
	at org.apache.pig.PigServer$Graph.parseQuery(PigServer.java:1725)
	at org.apache.pig.PigServer$Graph.access$000(PigServer.java:1420)
	at org.apache.pig.PigServer.parseAndBuild(PigServer.java:364)
	at org.apache.pig.PigServer.executeBatch(PigServer.java:389)
	at org.apache.pig.PigServer.executeBatch(PigServer.java:375)
	at org.apache.pig.tools.grunt.GruntParser.executeBatch(GruntParser.java:170)
	at org.apache.pig.tools.grunt.GruntParser.parseStopOnError(GruntParser.java:232)
	at org.apache.pig.tools.grunt.GruntParser.parseStopOnError(GruntParser.java:203)
	at org.apache.pig.tools.grunt.Grunt.exec(Grunt.java:81)
	at org.apache.pig.Main.run(Main.java:608)
	at org.apache.pig.Main.main(Main.java:156)
Caused by: Failed to parse: <file schemascript, line 7, column 0>  mismatched input 'dump' expecting SEMI_COLON
	at org.apache.pig.parser.QueryParserDriver.parse(QueryParserDriver.java:241)
	at org.apache.pig.parser.QueryParserDriver.parse(QueryParserDriver.java:179)
	at org.apache.pig.PigServer$Graph.parseQuery(PigServer.java:1712)
	... 10 more
================================================================================
